Info: : 6151 mini-second(s) publishing element DeliveryProcess:AskMath[AskMath\deliveryprocesses\AskMath_D5151028.html]
Info: DeliveryProcess:AskMath: 6178 mini seconds publishing element
Info: DeliveryProcess:AskMath: 4661 mini seconds publishing process specific layout data
Info: Activity:New Activity: 491 mini seconds publishing element
Info: TaskDescriptor:New Task Descriptor: 946 mini seconds publishing element
Info: Activity:New Activity_2: 525 mini seconds publishing element
Info: TaskDescriptor:New Task Descriptor: 42 mini seconds publishing element
Info: TaskDescriptor:New Task Descriptor_2: 39 mini seconds publishing element
Info: TaskDescriptor:New Task Descriptor_3: 41 mini seconds publishing element
Info: Activity:New Activity_3: 625 mini seconds publishing element
Info: TaskDescriptor:New Task Descriptor: 45 mini seconds publishing element
Info: TaskDescriptor:New Task Descriptor_2: 63 mini seconds publishing element
Info: TaskDescriptor:New Task Descriptor_3: 40 mini seconds publishing element
Info: TaskDescriptor:New Task Descriptor_4: 43 mini seconds publishing element
Info: TaskDescriptor:New Task Descriptor_5: 40 mini seconds publishing element
Info: : 1308 mini-second(s) publishing element Activity:New Activity_4[AskMath\deliveryprocesses\New Activity_4_F5A273EB.html]
Info: Activity:New Activity_4: 1310 mini seconds publishing element
Info: TaskDescriptor:New Task Descriptor: 35 mini seconds publishing element
Info: TaskDescriptor:New Task Descriptor_2: 32 mini seconds publishing element
Info: TaskDescriptor:New Task Descriptor_3: 46 mini seconds publishing element
Info: TaskDescriptor:New Task Descriptor_4: 38 mini seconds publishing element
Info: TaskDescriptor:New Task Descriptor_5: 41 mini seconds publishing element
Info: TaskDescriptor:New Task Descriptor_6: 34 mini seconds publishing element
Info: Activity:New Activity_5: 431 mini seconds publishing element
Info: TaskDescriptor:New Task Descriptor: 44 mini seconds publishing element
Info: TaskDescriptor:New Task Descriptor_2: 42 mini seconds publishing element
Info: TaskDescriptor:New Task Descriptor_3: 38 mini seconds publishing element
Info: TeamProfile:Gerente de projetos: 630 mini seconds publishing element
Info: TeamProfile:Equipe de Desenvolvimento: 38 mini seconds publishing element
Info: TeamProfile:Cliente: 38 mini seconds publishing element
Info: Activity:New Activity_7: 474 mini seconds publishing element
Info: TaskDescriptor:New Task Descriptor: 36 mini seconds publishing element
Info: TaskDescriptor:New Task Descriptor_2: 39 mini seconds publishing element
Info: TaskDescriptor:New Task Descriptor_3: 43 mini seconds publishing element
Info: TaskDescriptor:New Task Descriptor_4: 38 mini seconds publishing element
Info: Activity:New Activity_8: 529 mini seconds publishing element
Info: TaskDescriptor:New Task Descriptor: 37 mini seconds publishing element
Info: TaskDescriptor:New Task Descriptor_2: 36 mini seconds publishing element
Info: TaskDescriptor:New Task Descriptor_3: 39 mini seconds publishing element
Info: Activity:New Activity_9: 529 mini seconds publishing element
Info: Activity:New Activity: 533 mini seconds publishing element
Info: TaskDescriptor:New Task Descriptor: 36 mini seconds publishing element
Info: TaskDescriptor:New Task Descriptor_2: 38 mini seconds publishing element
Info: TaskDescriptor:New Task Descriptor_4: 45 mini seconds publishing element
Info: TaskDescriptor:New Task Descriptor_5: 40 mini seconds publishing element
Info: Activity:New Activity_2: 477 mini seconds publishing element
Info: TaskDescriptor:New Task Descriptor_2: 57 mini seconds publishing element
Info: Iteration:New Iteration: 515 mini seconds publishing element
Info: TaskDescriptor:New Task Descriptor: 40 mini seconds publishing element
Info: TaskDescriptor:New Task Descriptor_2: 35 mini seconds publishing element
Info: Activity:New Activity_3: 461 mini seconds publishing element
Info: TaskDescriptor:New Task Descriptor: 44 mini seconds publishing element
Info: Activity:New Activity_4: 403 mini seconds publishing element
Info: TaskDescriptor:New Task Descriptor: 42 mini seconds publishing element
Info: TeamProfile:Interessados: 27 mini seconds publishing element
Info: Activity:New Activity_10: 607 mini seconds publishing element
Info: TaskDescriptor:New Task Descriptor: 41 mini seconds publishing element
Info: TaskDescriptor:New Task Descriptor_2: 38 mini seconds publishing element
Info: TaskDescriptor:New Task Descriptor_3: 39 mini seconds publishing element
Info: TaskDescriptor:New Task Descriptor_4: 52 mini seconds publishing element
Info: TaskDescriptor:New Task Descriptor_5: 39 mini seconds publishing element
Info: CustomCategory:Processo de Entrega - Geanny: 728 mini seconds publishing element
Info: : Publishing time: 0 minutes 27 seconds
