Info: DeliveryProcess:AskMath - Processo: 328 mini seconds publishing element
Info: DeliveryProcess:AskMath - Processo: 857 mini seconds publishing process specific layout data
Info: Activity:Iniciar Projeto: 156 mini seconds publishing element
Info: TaskDescriptor:New Task Descriptor: 16 mini seconds publishing element
Info: TaskDescriptor:New Task Descriptor_2: 15 mini seconds publishing element
Info: TaskDescriptor:New Task Descriptor_3: 0 mini seconds publishing element
Info: TaskDescriptor:New Task Descriptor_4: 16 mini seconds publishing element
Info: TaskDescriptor:New Task Descriptor_5: 0 mini seconds publishing element
Info: Activity:Requisitos: 187 mini seconds publishing element
Info: TaskDescriptor:New Task Descriptor_2: 0 mini seconds publishing element
Info: TaskDescriptor:New Task Descriptor_3: 0 mini seconds publishing element
Info: TaskDescriptor:New Task Descriptor_4: 16 mini seconds publishing element
Info: TaskDescriptor:New Task Descriptor_5: 0 mini seconds publishing element
Info: TaskDescriptor:New Task Descriptor: 15 mini seconds publishing element
Info: Activity:Projeto: 141 mini seconds publishing element
Info: TaskDescriptor:New Task Descriptor: 15 mini seconds publishing element
Info: TaskDescriptor:New Task Descriptor_2: 0 mini seconds publishing element
Info: TaskDescriptor:New Task Descriptor_3: 16 mini seconds publishing element
Info: TaskDescriptor:New Task Descriptor_4: 0 mini seconds publishing element
Info: TaskDescriptor:New Task Descriptor_5: 16 mini seconds publishing element
Info: TaskDescriptor:New Task Descriptor_6: 15 mini seconds publishing element
Info: Activity:Encerrar Projeto: 78 mini seconds publishing element
Info: TaskDescriptor:New Task Descriptor: 16 mini seconds publishing element
Info: TaskDescriptor:New Task Descriptor_2: 0 mini seconds publishing element
Info: Activity:Gerenciar os Riscos: 110 mini seconds publishing element
Info: TaskDescriptor:New Task Descriptor: 0 mini seconds publishing element
Info: TaskDescriptor:New Task Descriptor_2: 15 mini seconds publishing element
Info: TaskDescriptor:New Task Descriptor_3: 0 mini seconds publishing element
Info: TaskDescriptor:New Task Descriptor_4: 0 mini seconds publishing element
Info: Activity:Desenvolvimento: 141 mini seconds publishing element
Info: Activity:Inclemento: 109 mini seconds publishing element
Info: TaskDescriptor:New Task Descriptor: 9 mini seconds publishing element
Info: TaskDescriptor:New Task Descriptor_2: 12 mini seconds publishing element
Info: TaskDescriptor:New Task Descriptor_3: 12 mini seconds publishing element
Info: Activity:Gerenciar as Mudanças: 124 mini seconds publishing element
Info: TaskDescriptor:New Task Descriptor: 16 mini seconds publishing element
Info: TaskDescriptor:New Task Descriptor_2: 0 mini seconds publishing element
Info: Iteration:Inclemento: 125 mini seconds publishing element
Info: Activity:New Activity: 47 mini seconds publishing element
Info: Activity:New Activity_2: 46 mini seconds publishing element
Info: Activity:New Activity_3: 172 mini seconds publishing element
Info: TaskDescriptor:New Task Descriptor: 16 mini seconds publishing element
Info: TaskDescriptor:New Task Descriptor_2: 0 mini seconds publishing element
Info: TaskDescriptor:New Task Descriptor_3: 16 mini seconds publishing element
Info: TaskDescriptor:New Task Descriptor_4: 0 mini seconds publishing element
Info: TaskDescriptor:New Task Descriptor_5: 15 mini seconds publishing element
Info: Activity:New Activity_4: 31 mini seconds publishing element
Info: Activity:New Activity_5: 47 mini seconds publishing element
Info: Activity:New Activity_2: 110 mini seconds publishing element
Info: TaskDescriptor:New Task Descriptor: 0 mini seconds publishing element
Info: TaskDescriptor:New Task Descriptor_2: 15 mini seconds publishing element
Info: TaskDescriptor:New Task Descriptor_3: 16 mini seconds publishing element
Info: Activity:New Activity: 141 mini seconds publishing element
Info: TaskDescriptor:New Task Descriptor: 0 mini seconds publishing element
Info: TaskDescriptor:New Task Descriptor_2: 15 mini seconds publishing element
Info: TaskDescriptor:New Task Descriptor_3: 16 mini seconds publishing element
Info: TaskDescriptor:New Task Descriptor_4: 0 mini seconds publishing element
Info: TaskDescriptor:New Task Descriptor_5: 15 mini seconds publishing element
Info: TaskDescriptor:New Task Descriptor_6: 16 mini seconds publishing element
Info: CustomCategory:Configuration free process view: 47 mini seconds publishing element
Info: CustomCategory:Processes: 15 mini seconds publishing element
Info: : Publishing time: 0 minutes 4 seconds
